<?xml version="1.0" encoding="UTF-8"?>
<!-- Generated by org.testng.reporters.JUnitXMLReporter -->
<testsuite hostname="mahipal-VAIO" name="Default test" tests="3" failures="0" timestamp="2 Mar 2016 09:55:32 GMT" time="114.702" errors="0">
  <testcase name="testDraggable_Program" time="24.574" classname="sampleMaven.Draggable_Program"/>
  <testcase name="f" time="18.29" classname="sampleMaven.Selenium_Maven_Program"/>
  <testcase name="testHandlingAlert_test" time="19.926" classname="sampleMaven.HandlingAlert_test"/>
</testsuite> <!-- Default test -->
