<?xml version="1.0" encoding="UTF-8"?>
<testng-results skipped="0" failed="0" total="3" passed="3">
  <reporter-output>
  </reporter-output>
  <suite name="Default suite" duration-ms="114702" started-at="2016-03-02T09:53:37Z" finished-at="2016-03-02T09:55:32Z">
    <groups>
    </groups>
    <test name="Default test" duration-ms="114702" started-at="2016-03-02T09:53:37Z" finished-at="2016-03-02T09:55:32Z">
      <class name="sampleMaven.HandlingAlert_test">
        <test-method status="PASS" signature="beforeClass()[pri:0, instance:sampleMaven.HandlingAlert_test@71be98f5]" name="beforeClass" is-config="true" duration-ms="14728" started-at="2016-03-02T09:54:56Z" finished-at="2016-03-02T09:55:11Z">
          <reporter-output>
          </reporter-output>
        </test-method> <!-- beforeClass -->
        <test-method status="PASS" signature="testHandlingAlert_test()[pri:0, instance:sampleMaven.HandlingAlert_test@71be98f5]" name="testHandlingAlert_test" duration-ms="19926" started-at="2016-03-02T09:55:11Z" finished-at="2016-03-02T09:55:31Z">
          <reporter-output>
          </reporter-output>
        </test-method> <!-- testHandlingAlert_test -->
        <test-method status="PASS" signature="afterClass()[pri:0, instance:sampleMaven.HandlingAlert_test@71be98f5]" name="afterClass" is-config="true" duration-ms="384" started-at="2016-03-02T09:55:31Z" finished-at="2016-03-02T09:55:32Z">
          <reporter-output>
          </reporter-output>
        </test-method> <!-- afterClass -->
      </class> <!-- sampleMaven.HandlingAlert_test -->
      <class name="sampleMaven.Draggable_Program">
        <test-method status="PASS" signature="beforeClass()[pri:0, instance:sampleMaven.Draggable_Program@59a6e353]" name="beforeClass" is-config="true" duration-ms="20547" started-at="2016-03-02T09:53:37Z" finished-at="2016-03-02T09:53:57Z">
          <reporter-output>
          </reporter-output>
        </test-method> <!-- beforeClass -->
        <test-method status="PASS" signature="testDraggable_Program()[pri:0, instance:sampleMaven.Draggable_Program@59a6e353]" name="testDraggable_Program" duration-ms="24574" started-at="2016-03-02T09:53:57Z" finished-at="2016-03-02T09:54:22Z">
          <reporter-output>
          </reporter-output>
        </test-method> <!-- testDraggable_Program -->
        <test-method status="PASS" signature="afterClass()[pri:0, instance:sampleMaven.Draggable_Program@59a6e353]" name="afterClass" is-config="true" duration-ms="2563" started-at="2016-03-02T09:54:22Z" finished-at="2016-03-02T09:54:25Z">
          <reporter-output>
          </reporter-output>
        </test-method> <!-- afterClass -->
      </class> <!-- sampleMaven.Draggable_Program -->
      <class name="sampleMaven.Selenium_Maven_Program">
        <test-method status="PASS" signature="beforeClass()[pri:0, instance:sampleMaven.Selenium_Maven_Program@7a0ac6e3]" name="beforeClass" is-config="true" duration-ms="13663" started-at="2016-03-02T09:54:25Z" finished-at="2016-03-02T09:54:38Z">
          <reporter-output>
          </reporter-output>
        </test-method> <!-- beforeClass -->
        <test-method status="PASS" signature="f()[pri:0, instance:sampleMaven.Selenium_Maven_Program@7a0ac6e3]" name="f" duration-ms="18290" started-at="2016-03-02T09:54:38Z" finished-at="2016-03-02T09:54:56Z">
          <reporter-output>
          </reporter-output>
        </test-method> <!-- f -->
        <test-method status="PASS" signature="afterClass()[pri:0, instance:sampleMaven.Selenium_Maven_Program@7a0ac6e3]" name="afterClass" is-config="true" duration-ms="12" started-at="2016-03-02T09:54:56Z" finished-at="2016-03-02T09:54:56Z">
          <reporter-output>
          </reporter-output>
        </test-method> <!-- afterClass -->
      </class> <!-- sampleMaven.Selenium_Maven_Program -->
    </test> <!-- Default test -->
  </suite> <!-- Default suite -->
</testng-results>
